<?xml version="1.0" encoding="UTF-8"?>
<!-- Generated by org.testng.reporters.JUnitReportReporter -->
<testsuite skipped="0" hostname="Desta" name="com.kitalulus.openApp" tests="1" failures="0" timestamp="2022-07-26T23:59:40 ICT" time="0.310" errors="0">
  <testcase name="openAppTest" time="0.310" classname="com.kitalulus.openApp"/>
  <system-out>
<a target='_blank' href=' C:\Users\ASUS\Desktop\Quality Assurance\SQA Project\kitaLulus\test-output\openApp.png'>'<img src='C:\Users\ASUS\Desktop\Quality Assurance\SQA Project\kitaLulus\test-output\openApp.png'width=100 height=100/></a>  </system-out>
</testsuite> <!-- com.kitalulus.openApp -->
