<?xml version="1.0" encoding="UTF-8"?>
<!-- Generated by org.testng.reporters.JUnitReportReporter -->
<testsuite skipped="0" hostname="Desta" name="com.kitalulus.bookmarkLove" tests="1" failures="0" timestamp="2022-07-27T12:59:58 ICT" time="0.340" errors="0">
  <testcase name="bookmarkTest" time="0.340" classname="com.kitalulus.bookmarkLove"/>
  <system-out/>
</testsuite> <!-- com.kitalulus.bookmarkLove -->
