<?xml version="1.0" encoding="UTF-8"?>
<!-- Generated by org.testng.reporters.JUnitReportReporter -->
<testsuite skipped="0" hostname="Desta" name="com.kitalulus.searchVacancy" tests="1" failures="0" timestamp="2022-07-27T12:59:58 ICT" time="1.989" errors="0">
  <testcase name="openAppTest" time="1.989" classname="com.kitalulus.searchVacancy"/>
  <system-out/>
</testsuite> <!-- com.kitalulus.searchVacancy -->
