<?xml version="1.0" encoding="UTF-8"?>
<!-- Generated by org.testng.reporters.JUnitReportReporter -->
<testsuite skipped="0" hostname="Desta" name="runner.RunnerData" tests="10" failures="0" timestamp="2022-08-06T14:36:06 ICT" time="162.819" errors="0">
  <testcase name="runScenario" time="12.557" classname="runner.RunnerData"/>
  <system-out/>
  <testcase name="runScenario" time="18.506" classname="runner.RunnerData"/>
  <system-out/>
  <testcase name="runScenario" time="24.818" classname="runner.RunnerData"/>
  <system-out/>
  <testcase name="runScenario" time="18.384" classname="runner.RunnerData"/>
  <system-out/>
  <testcase name="runScenario" time="12.411" classname="runner.RunnerData"/>
  <system-out/>
  <testcase name="runScenario" time="18.248" classname="runner.RunnerData"/>
  <system-out/>
  <testcase name="runScenario" time="13.808" classname="runner.RunnerData"/>
  <system-out/>
  <testcase name="runScenario" time="12.921" classname="runner.RunnerData"/>
  <system-out/>
  <testcase name="runScenario" time="18.012" classname="runner.RunnerData"/>
  <system-out/>
  <testcase name="runScenario" time="13.154" classname="runner.RunnerData"/>
  <system-out/>
</testsuite> <!-- runner.RunnerData -->
