<?xml version="1.0" encoding="UTF-8"?>
<!-- Generated by org.testng.reporters.JUnitReportReporter -->
<testsuite skipped="0" hostname="Desta" name="runner.RunnerUploadData" tests="2" failures="0" timestamp="2022-08-03T01:51:59 ICT" time="36.781" errors="0">
  <testcase name="runScenario" time="17.680" classname="runner.RunnerUploadData"/>
  <system-out/>
  <testcase name="runScenario" time="19.101" classname="runner.RunnerUploadData"/>
  <system-out/>
</testsuite> <!-- runner.RunnerUploadData -->
