<?xml version="1.0" encoding="UTF-8"?>
<!-- Generated by org.testng.reporters.JUnitReportReporter -->
<testsuite skipped="4" hostname="Desta" name="runner.RunnerData" tests="10" failures="0" timestamp="2022-08-06T12:20:06 ICT" time="94.990" errors="0">
  <testcase name="runScenario" time="17.133" classname="runner.RunnerData"/>
  <system-out/>
  <testcase name="runScenario" time="11.694" classname="runner.RunnerData"/>
  <system-out/>
  <testcase name="runScenario" time="0.092" classname="runner.RunnerData">
    <skipped/>
  </testcase> <!-- runScenario -->
  <system-out/>
  <testcase name="runScenario" time="0.024" classname="runner.RunnerData">
    <skipped/>
  </testcase> <!-- runScenario -->
  <system-out/>
  <testcase name="runScenario" time="18.659" classname="runner.RunnerData"/>
  <system-out/>
  <testcase name="runScenario" time="0.057" classname="runner.RunnerData">
    <skipped/>
  </testcase> <!-- runScenario -->
  <system-out/>
  <testcase name="runScenario" time="17.560" classname="runner.RunnerData"/>
  <system-out/>
  <testcase name="runScenario" time="0.043" classname="runner.RunnerData">
    <skipped/>
  </testcase> <!-- runScenario -->
  <system-out/>
  <testcase name="runScenario" time="11.990" classname="runner.RunnerData"/>
  <system-out/>
  <testcase name="runScenario" time="17.738" classname="runner.RunnerData"/>
  <system-out/>
</testsuite> <!-- runner.RunnerData -->
