<?xml version="1.0" encoding="UTF-8"?>
<!-- Generated by org.testng.reporters.JUnitReportReporter -->
<testsuite skipped="0" hostname="Desta" name="runner.RunnerLogin" tests="2" failures="0" timestamp="2022-08-03T00:38:54 ICT" time="15.434" errors="0">
  <testcase name="runScenario" time="8.651" classname="runner.RunnerLogin"/>
  <system-out/>
  <testcase name="runScenario" time="6.783" classname="runner.RunnerLogin"/>
  <system-out/>
</testsuite> <!-- runner.RunnerLogin -->
