<?xml version="1.0" encoding="UTF-8"?>
<!-- Generated by org.testng.reporters.JUnitReportReporter -->
<testsuite skipped="0" hostname="Desta" name="runner.RunnerData" tests="6" failures="0" timestamp="2022-08-04T20:29:38 ICT" time="109.241" errors="0">
  <testcase name="runScenario" time="14.638" classname="runner.RunnerData"/>
  <system-out/>
  <testcase name="runScenario" time="19.865" classname="runner.RunnerData"/>
  <system-out/>
  <testcase name="runScenario" time="14.436" classname="runner.RunnerData"/>
  <system-out/>
  <testcase name="runScenario" time="23.493" classname="runner.RunnerData"/>
  <system-out/>
  <testcase name="runScenario" time="19.520" classname="runner.RunnerData"/>
  <system-out/>
  <testcase name="runScenario" time="17.289" classname="runner.RunnerData"/>
  <system-out/>
</testsuite> <!-- runner.RunnerData -->
