<?xml version="1.0" encoding="UTF-8"?>
<!-- Generated by org.testng.reporters.JUnitReportReporter -->
<testsuite skipped="0" hostname="Desta" name="com.kitalulus.bookmarkLove" tests="1" failures="0" timestamp="2022-07-27T12:58:40 ICT" time="0.398" errors="0">
  <testcase name="bookmarkTest" time="0.398" classname="com.kitalulus.bookmarkLove"/>
  <system-out>
<a target='_blank' href=' C:\Users\ASUS\Desktop\Quality Assurance\SQA Project\KitaLulusSeleniumTest\test-output\bookmark.png'>'<img src='C:\Users\ASUS\Desktop\Quality Assurance\SQA Project\KitaLulusSeleniumTest\test-output\bookmark.png'width=100 height=100/></a>  </system-out>
</testsuite> <!-- com.kitalulus.bookmarkLove -->
