<?xml version="1.0" encoding="UTF-8"?>
<!-- Generated by org.testng.reporters.JUnitReportReporter -->
<testsuite skipped="0" hostname="Desta" name="com.kitalulus.searchVacancy" tests="1" failures="0" timestamp="2022-07-26T23:56:27 ICT" time="3.387" errors="0">
  <testcase name="openAppTest" time="3.387" classname="com.kitalulus.searchVacancy"/>
  <system-out>
<a target='_blank' href=' C:\Users\ASUS\Desktop\Quality Assurance\SQA Project\KitaLulusSeleniumTest\test-output\searchVacancy.png'>'<img src='C:\Users\ASUS\Desktop\Quality Assurance\SQA Project\KitaLulusSeleniumTest\test-output\searchVacancy.png'width=100 height=100/></a>  </system-out>
</testsuite> <!-- com.kitalulus.searchVacancy -->
