<?xml version="1.0" encoding="UTF-8"?>
<!-- Generated by org.testng.reporters.JUnitReportReporter -->
<testsuite skipped="0" hostname="Desta" name="runner.RunnerBookmark" tests="1" failures="0" timestamp="2022-07-27T22:53:24 ICT" time="5.530" errors="0">
  <testcase name="runScenario" time="5.530" classname="runner.RunnerBookmark"/>
  <system-out/>
</testsuite> <!-- runner.RunnerBookmark -->
