<?xml version="1.0" encoding="UTF-8"?>
<!-- Generated by org.testng.reporters.JUnitReportReporter -->
<testsuite skipped="0" hostname="Desta" name="runner.RunnerSearchVacancy" tests="1" failures="0" timestamp="2022-07-27T22:03:58 ICT" time="4.793" errors="0">
  <testcase name="runScenario" time="4.793" classname="runner.RunnerSearchVacancy"/>
  <system-out/>
</testsuite> <!-- runner.RunnerSearchVacancy -->
