<?xml version="1.0" encoding="UTF-8"?>
<!-- Generated by org.testng.reporters.JUnitReportReporter -->
<testsuite skipped="0" hostname="Desta" name="runner.RunnerOpenApp" tests="1" failures="0" timestamp="2022-07-27T22:18:13 ICT" time="4.328" errors="0">
  <testcase name="runScenario" time="4.328" classname="runner.RunnerOpenApp"/>
  <system-out/>
</testsuite> <!-- runner.RunnerOpenApp -->
