<?xml version="1.0" encoding="UTF-8"?>
<!-- Generated by org.testng.reporters.JUnitReportReporter -->
<testsuite skipped="1" hostname="Desta" name="runner.RunnerBookmark" tests="1" failures="0" timestamp="2022-07-27T22:32:21 ICT" time="0.125" errors="0">
  <testcase name="runScenario" time="0.125" classname="runner.RunnerBookmark">
    <skipped/>
  </testcase> <!-- runScenario -->
  <system-out/>
</testsuite> <!-- runner.RunnerBookmark -->
